Build started 14/12/2016 11:00:04 PM.
     1>Project "C:\Users\WM\Documents\AGDEV-ASN1\Base\Base.vcxproj" on node 2 (Build target(s)).
     1>ClCompile:
         C:\Program Files (x86)\Microsoft Visual Studio 12.0\VC\bin\CL.exe /c /I"C:\Users\WM\Documents\AGDEV-ASN1\/Common/Source" /I"C:\Users\WM\Documents\AGDEV-ASN1\/glfw/include" /I"C:\Users\WM\Documents\AGDEV-ASN1\\Base\irrKlang\include" /I"C:\Users\WM\Documents\AGDEV-ASN1\/glew/include" /ZI /nologo /W3 /WX- /Od /Oy- /D _VARIADIC_MAX=10 /D WIN32 /D _DEBUG /D _CONSOLE /D _MBCS /Gm /EHsc /RTC1 /MDd /GS /fp:precise /Zc:wchar_t /Zc:forScope /Fo"Debug\\" /Fd"Debug\vc120.pdb" /Gd /TP /analyze- /errorReport:prompt Source\EntityManager.cpp
         EntityManager.cpp
       Link:
         C:\Program Files (x86)\Microsoft Visual Studio 12.0\VC\bin\link.exe /ERRORREPORT:PROMPT /OUT:"C:\Users\WM\Documents\AGDEV-ASN1\Debug\Base.exe" /INCREMENTAL:NO /NOLOGO /LIBPATH:"C:\Users\WM\Documents\AGDEV-ASN1\Debug" /LIBPATH:"C:\Users\WM\Documents\AGDEV-ASN1\/glfw/lib-msvc100" /LIBPATH:"C:\Users\WM\Documents\AGDEV-ASN1\/glew/lib" Common.lib winmm.lib opengl32.lib glu32.lib glew32.lib glfw3.lib irrKlang.lib kernel32.lib user32.lib gdi32.lib winspool.lib comdlg32.lib advapi32.lib shell32.lib ole32.lib oleaut32.lib uuid.lib odbc32.lib odbccp32.lib /MANIFEST /MANIFESTUAC:"level='asInvoker' uiAccess='false'" /manifest:embed /DEBUG /PDB:"C:\Users\WM\Documents\AGDEV-ASN1\Debug\Base.pdb" /SUBSYSTEM:CONSOLE /TLBID:1 /DYNAMICBASE /NXCOMPAT /IMPLIB:"C:\Users\WM\Documents\AGDEV-ASN1\Debug\Base.lib" /MACHINE:X86 Debug\Application.obj
         Debug\CEnemyController.obj
         Debug\Enemy.obj
         Debug\EnemyFollower.obj
         Debug\EntityManager.obj
         Debug\FPSCamera.obj
         Debug\GenericEntity.obj
         Debug\GroundEntity.obj
         Debug\CLevelOfDetails.obj
         Debug\Light.obj
         Debug\main.obj
         Debug\OBJMesh.obj
         Debug\PlayerInfo.obj
         Debug\Grenade.obj
         Debug\Laser.obj
         Debug\Projectile.obj
         Debug\SceneGraph.obj
         Debug\SceneNode.obj
         Debug\Transform.obj
         Debug\UpdateTransformation.obj
         Debug\SceneText.obj
         Debug\SkyBoxEntity.obj
         Debug\Sound.obj
         Debug\Grid.obj
         Debug\SpatialPartition.obj
         Debug\SpriteEntity.obj
         Debug\TextEntity.obj
         Debug\GrenadeThrow.obj
         Debug\LaserBlaster.obj
         Debug\Pistol.obj
         Debug\Shotgun.obj
         Debug\WeaponInfo.obj
     1>Application.obj : warning LNK4075: ignoring '/EDITANDCONTINUE' due to '/OPT:LBR' specification
     1>LINK : warning LNK4098: defaultlib 'MSVCRT' conflicts with use of other libs; use /NODEFAULTLIB:library
         Base.vcxproj -> C:\Users\WM\Documents\AGDEV-ASN1\Debug\Base.exe
     1>Done Building Project "C:\Users\WM\Documents\AGDEV-ASN1\Base\Base.vcxproj" (Build target(s)).

Build succeeded.

Time Elapsed 00:00:01.09
