c:\users\wm\documents\agdev-asn1\base\debug\vc120.pdb
c:\users\wm\documents\agdev-asn1\base\debug\vc120.idb
c:\users\wm\documents\agdev-asn1\base\debug\objmesh.obj
c:\users\wm\documents\agdev-asn1\base\debug\playerinfo.obj
c:\users\wm\documents\agdev-asn1\base\debug\grenade.obj
c:\users\wm\documents\agdev-asn1\base\debug\laser.obj
c:\users\wm\documents\agdev-asn1\base\debug\projectile.obj
c:\users\wm\documents\agdev-asn1\base\debug\scenegraph.obj
c:\users\wm\documents\agdev-asn1\base\debug\scenenode.obj
c:\users\wm\documents\agdev-asn1\base\debug\transform.obj
c:\users\wm\documents\agdev-asn1\base\debug\updatetransformation.obj
c:\users\wm\documents\agdev-asn1\base\debug\scenetext.obj
c:\users\wm\documents\agdev-asn1\base\debug\skyboxentity.obj
c:\users\wm\documents\agdev-asn1\base\debug\grid.obj
c:\users\wm\documents\agdev-asn1\base\debug\spatialpartition.obj
c:\users\wm\documents\agdev-asn1\base\debug\spriteentity.obj
c:\users\wm\documents\agdev-asn1\base\debug\textentity.obj
c:\users\wm\documents\agdev-asn1\base\debug\grenadethrow.obj
c:\users\wm\documents\agdev-asn1\base\debug\laserblaster.obj
c:\users\wm\documents\agdev-asn1\base\debug\pistol.obj
c:\users\wm\documents\agdev-asn1\base\debug\shotgun.obj
c:\users\wm\documents\agdev-asn1\base\debug\weaponinfo.obj
c:\users\wm\documents\agdev-asn1\base\debug\application.obj
c:\users\wm\documents\agdev-asn1\base\debug\cenemycontroller.obj
c:\users\wm\documents\agdev-asn1\base\debug\enemy.obj
c:\users\wm\documents\agdev-asn1\base\debug\enemyfollower.obj
c:\users\wm\documents\agdev-asn1\base\debug\entitymanager.obj
c:\users\wm\documents\agdev-asn1\base\debug\fpscamera.obj
c:\users\wm\documents\agdev-asn1\base\debug\genericentity.obj
c:\users\wm\documents\agdev-asn1\base\debug\groundentity.obj
c:\users\wm\documents\agdev-asn1\base\debug\clevelofdetails.obj
c:\users\wm\documents\agdev-asn1\base\debug\light.obj
c:\users\wm\documents\agdev-asn1\base\debug\main.obj
c:\users\wm\documents\agdev-asn1\debug\base.exe
c:\users\wm\documents\agdev-asn1\debug\base.pdb
c:\users\wm\documents\agdev-asn1\base\debug\base.tlog\cl.command.1.tlog
c:\users\wm\documents\agdev-asn1\base\debug\base.tlog\cl.read.1.tlog
c:\users\wm\documents\agdev-asn1\base\debug\base.tlog\cl.write.1.tlog
c:\users\wm\documents\agdev-asn1\base\debug\base.tlog\link.command.1.tlog
c:\users\wm\documents\agdev-asn1\base\debug\base.tlog\link.read.1.tlog
c:\users\wm\documents\agdev-asn1\base\debug\base.tlog\link.write.1.tlog
